<?xml version="1.0" encoding="UTF-8"?>
<testng-results ignored="0" total="2" passed="2" failed="0" skipped="0">
  <reporter-output>
  </reporter-output>
  <suite started-at="2023-03-20T12:05:23 EET" name="Default Suite" finished-at="2023-03-20T12:06:34 EET" duration-ms="70232">
    <groups>
    </groups>
    <test started-at="2023-03-20T12:05:23 EET" name="ITI" finished-at="2023-03-20T12:06:34 EET" duration-ms="70232">
      <class name="GoogleMap.GoogleMapSearch">
        <test-method signature="openGoogleSearch()[pri:1, instance:GoogleMap.GoogleMapSearch@22635ba0]" started-at="2023-03-20T12:05:23 EET" name="openGoogleSearch" finished-at="2023-03-20T12:05:58 EET" duration-ms="34494" status="PASS">
          <reporter-output>
          </reporter-output>
        </test-method> <!-- openGoogleSearch -->
        <test-method signature="openGoogleMap()[pri:2, instance:GoogleMap.GoogleMapSearch@22635ba0]" started-at="2023-03-20T12:05:58 EET" name="openGoogleMap" finished-at="2023-03-20T12:06:34 EET" duration-ms="35656" status="PASS">
          <reporter-output>
          </reporter-output>
        </test-method> <!-- openGoogleMap -->
      </class> <!-- GoogleMap.GoogleMapSearch -->
    </test> <!-- ITI -->
  </suite> <!-- Default Suite -->
</testng-results>
